[DEBUG] 2016-07-11 16:16:35,997 views Starting day: 2016-10-10
[DEBUG] 2016-07-11 17:10:34,416 views Starting day: 2016-10-10
[DEBUG] 2016-07-11 17:10:34,417 views Ending day: 2016-10-16
[DEBUG] 2016-07-11 17:10:34,418 views number shifts: 0
[DEBUG] 2016-07-11 17:10:34,418 views amount: 0
[DEBUG] 2016-07-11 17:10:50,175 views Starting day: 2016-09-05
[DEBUG] 2016-07-11 17:10:50,175 views Ending day: 2016-09-11
[DEBUG] 2016-07-11 17:10:50,177 views number shifts: 0
[DEBUG] 2016-07-11 17:10:50,177 views amount: 0
[DEBUG] 2016-07-11 17:11:12,922 views Starting day: 2016-06-27
[DEBUG] 2016-07-11 17:11:12,922 views Ending day: 2016-07-03
[DEBUG] 2016-07-11 17:11:12,923 views number shifts: 0
[DEBUG] 2016-07-11 17:11:12,924 views amount: 6
[DEBUG] 2016-07-11 17:12:06,091 views number shifts: 7
[DEBUG] 2016-07-11 17:12:07,188 views Starting day: 2016-07-11
[DEBUG] 2016-07-11 17:12:07,189 views Ending day: 2016-07-17
[DEBUG] 2016-07-11 17:12:07,189 views amount: 7
[DEBUG] 2016-07-11 17:20:32,491 views number shifts: 0
[DEBUG] 2016-07-11 17:20:32,492 views employee ids: set()
[DEBUG] 2016-07-11 17:20:32,496 views Starting day: 2016-07-11
[DEBUG] 2016-07-11 17:20:32,497 views Ending day: 2016-07-17
[DEBUG] 2016-07-11 17:20:32,497 views amount: 0
[DEBUG] 2016-07-11 17:20:57,107 views number shifts: 4
[DEBUG] 2016-07-11 17:20:57,116 views employee ids: {1, 2}
[DEBUG] 2016-07-11 17:20:58,153 views Starting day: 2016-07-25
[DEBUG] 2016-07-11 17:20:58,154 views Ending day: 2016-07-31
[DEBUG] 2016-07-11 17:20:58,154 views amount: 4
[DEBUG] 2016-07-11 17:24:56,045 views number shifts: 0
[DEBUG] 2016-07-11 17:24:56,047 views employee ids: set()
[DEBUG] 2016-07-11 17:24:56,051 views Starting day: 2016-07-25
[DEBUG] 2016-07-11 17:24:56,052 views Ending day: 2016-07-31
[DEBUG] 2016-07-11 17:24:56,052 views amount: 0
[DEBUG] 2016-07-12 01:20:46,252 views number shifts: 0
[DEBUG] 2016-07-12 01:20:46,253 views employee ids: set()
[DEBUG] 2016-07-12 01:20:46,258 views Starting day: 2016-07-25
[DEBUG] 2016-07-12 01:20:46,258 views Ending day: 2016-07-31
[DEBUG] 2016-07-12 01:20:46,258 views amount: 0
[DEBUG] 2016-07-12 02:19:46,291 views number shifts: 9
[DEBUG] 2016-07-12 02:19:46,310 views employee ids: {1, 2}
[DEBUG] 2016-07-12 02:19:46,314 views person: aaron_work
[DEBUG] 2016-07-12 02:19:46,314 views person id: 2
[DEBUG] 2016-07-12 02:19:46,314 views matches: [<Shift: Shift object>, <Shift: Shift object>, <Shift: Shift object>, <Shift: Shift object>, <Shift: Shift object>, <Shift: Shift object>, <Shift: Shift object>]
[DEBUG] 2016-07-12 02:19:47,371 views Starting day: 2016-08-15
[DEBUG] 2016-07-12 02:19:47,371 views Ending day: 2016-08-21
[DEBUG] 2016-07-12 02:19:47,371 views amount: 9
[DEBUG] 2016-07-12 02:23:00,754 views number shifts: 0
[DEBUG] 2016-07-12 02:23:00,756 views employee ids: set()
[DEBUG] 2016-07-12 02:23:00,759 views Starting day: 2016-05-30
[DEBUG] 2016-07-12 02:23:00,759 views Ending day: 2016-06-05
[DEBUG] 2016-07-12 02:23:00,760 views amount: 0
[DEBUG] 2016-07-12 02:23:25,470 views number shifts: 1
[DEBUG] 2016-07-12 02:23:25,474 views employee ids: {1}
[DEBUG] 2016-07-12 02:23:25,478 views Starting day: 2016-05-23
[DEBUG] 2016-07-12 02:23:25,478 views Ending day: 2016-05-29
[DEBUG] 2016-07-12 02:23:25,478 views amount: 1
[DEBUG] 2016-07-12 18:04:53,257 views number shifts: 1
[DEBUG] 2016-07-12 18:04:53,262 views employee ids: {2}
[DEBUG] 2016-07-12 18:04:53,267 views person: aaron_work
[DEBUG] 2016-07-12 18:04:53,267 views person id: 2
[DEBUG] 2016-07-12 18:04:53,267 views matches: [<Shift: Shift object>]
[DEBUG] 2016-07-12 18:07:01,459 views number shifts: 1
[DEBUG] 2016-07-12 18:07:01,462 views employee ids: {2}
[DEBUG] 2016-07-12 18:07:01,465 views person: aaron_work
[DEBUG] 2016-07-12 18:07:01,465 views person id: 2
[DEBUG] 2016-07-12 18:07:01,465 views matches: [<Shift: Shift object>]
[DEBUG] 2016-07-12 18:07:02,517 views Starting day: 2016-05-23
[DEBUG] 2016-07-12 18:07:02,517 views Ending day: 2016-05-29
[DEBUG] 2016-07-12 18:07:02,517 views amount: 1
[DEBUG] 2016-07-13 23:26:52,878 views number shifts: 1
[DEBUG] 2016-07-13 23:26:52,883 views employee ids: {1}
[DEBUG] 2016-07-13 23:26:52,888 views Starting day: 2016-09-26
[DEBUG] 2016-07-13 23:26:52,888 views Ending day: 2016-10-02
[DEBUG] 2016-07-13 23:26:52,888 views amount: 1
[DEBUG] 2016-07-14 17:19:47,785 views number shifts: 1
[DEBUG] 2016-07-14 17:19:47,789 views employee ids: {1}
[DEBUG] 2016-07-14 17:19:47,794 views Starting day: 2016-09-26
[DEBUG] 2016-07-14 17:19:47,794 views Ending day: 2016-10-02
[DEBUG] 2016-07-14 17:19:47,794 views amount: 1
[DEBUG] 2016-07-19 12:15:21,275 views number shifts: 1
[DEBUG] 2016-07-19 12:15:21,279 views employee ids: {1}
[DEBUG] 2016-07-19 12:15:21,369 views Starting day: 2016-08-01
[DEBUG] 2016-07-19 12:15:21,370 views Ending day: 2016-08-07
[DEBUG] 2016-07-19 12:15:21,370 views amount: 1
[DEBUG] 2016-07-19 12:16:57,201 views number shifts: 1
[DEBUG] 2016-07-19 12:16:57,205 views employee ids: {1}
[DEBUG] 2016-07-19 12:16:57,210 views Starting day: 2016-08-01
[DEBUG] 2016-07-19 12:16:57,210 views Ending day: 2016-08-07
[DEBUG] 2016-07-19 12:16:57,210 views amount: 1
[DEBUG] 2016-07-20 11:52:32,612 views number shifts: 1
[DEBUG] 2016-07-20 11:52:32,644 views Starting day: 2016-08-29
[DEBUG] 2016-07-20 11:52:32,645 views Ending day: 2016-09-04
[DEBUG] 2016-07-20 11:52:32,645 views amount: 1
[DEBUG] 2016-07-20 13:06:18,533 views number shifts: 1
[DEBUG] 2016-07-20 13:06:19,179 views Starting day: 2016-08-29
[DEBUG] 2016-07-20 13:06:19,180 views Ending day: 2016-09-04
[DEBUG] 2016-07-20 13:06:19,180 views amount: 1
[DEBUG] 2016-07-22 14:28:28,573 views number shifts: 1
[DEBUG] 2016-07-22 14:28:29,153 views Starting day: 2016-08-29
[DEBUG] 2016-07-22 14:28:29,153 views Ending day: 2016-09-04
[DEBUG] 2016-07-22 14:28:29,153 views amount: 1
[DEBUG] 2016-07-22 14:30:18,832 views number shifts: 1
[DEBUG] 2016-07-22 14:30:18,842 views Starting day: 2016-09-05
[DEBUG] 2016-07-22 14:30:18,843 views Ending day: 2016-09-11
[DEBUG] 2016-07-22 14:30:18,843 views amount: 1
[DEBUG] 2016-08-03 14:19:11,137 views number shifts: 1
[DEBUG] 2016-08-03 14:19:11,198 views Starting day: 2016-07-25
[DEBUG] 2016-08-03 14:19:11,198 views Ending day: 2016-07-31
[DEBUG] 2016-08-03 14:19:11,198 views amount: 1
[DEBUG] 2016-08-03 14:26:40,421 views number shifts: 0
[DEBUG] 2016-08-03 14:26:40,444 views Starting day: 2016-07-25
[DEBUG] 2016-08-03 14:26:40,444 views Ending day: 2016-07-31
[DEBUG] 2016-08-03 14:26:40,444 views amount: 0
[DEBUG] 2016-08-12 14:29:22,260 views number shifts: 2
[DEBUG] 2016-08-12 14:29:22,292 views Starting day: 2016-06-20
[DEBUG] 2016-08-12 14:29:22,292 views Ending day: 2016-06-26
[DEBUG] 2016-08-12 14:29:22,292 views amount: 2
[DEBUG] 2016-08-12 14:30:45,765 views number shifts: 2
[DEBUG] 2016-08-12 14:30:45,772 views Starting day: 2016-06-20
[DEBUG] 2016-08-12 14:30:45,772 views Ending day: 2016-06-26
[DEBUG] 2016-08-12 14:30:45,772 views amount: 2
[DEBUG] 2016-08-12 18:09:23,475 views number shifts: 2
[DEBUG] 2016-08-12 18:09:23,488 views Starting day: 2016-06-20
[DEBUG] 2016-08-12 18:09:23,488 views Ending day: 2016-06-26
[DEBUG] 2016-08-12 18:09:23,489 views amount: 2
[DEBUG] 2016-08-12 18:10:33,575 views number shifts: 2
[DEBUG] 2016-08-12 18:10:33,608 views Starting day: 2016-06-20
[DEBUG] 2016-08-12 18:10:33,609 views Ending day: 2016-06-26
[DEBUG] 2016-08-12 18:10:33,609 views amount: 2
[DEBUG] 2016-08-12 18:11:42,562 views number shifts: 2
[DEBUG] 2016-08-12 18:11:42,570 views Starting day: 2016-06-20
[DEBUG] 2016-08-12 18:11:42,570 views Ending day: 2016-06-26
[DEBUG] 2016-08-12 18:11:42,571 views amount: 2
[DEBUG] 2016-08-12 18:28:45,107 views number shifts: 2
[DEBUG] 2016-08-12 18:28:45,115 views Starting day: 2016-06-20
[DEBUG] 2016-08-12 18:28:45,115 views Ending day: 2016-06-26
[DEBUG] 2016-08-12 18:28:45,115 views amount: 2
[DEBUG] 2016-08-12 18:29:53,916 views number shifts: 2
[DEBUG] 2016-08-12 18:29:53,953 views Starting day: 2016-06-20
[DEBUG] 2016-08-12 18:29:53,954 views Ending day: 2016-06-26
[DEBUG] 2016-08-12 18:29:53,955 views amount: 2
[DEBUG] 2016-08-12 18:30:48,861 views number shifts: 2
[DEBUG] 2016-08-12 18:30:48,905 views Starting day: 2016-06-20
[DEBUG] 2016-08-12 18:30:48,906 views Ending day: 2016-06-26
[DEBUG] 2016-08-12 18:30:48,906 views amount: 2
[DEBUG] 2016-08-12 18:32:01,604 views number shifts: 2
[DEBUG] 2016-08-12 18:32:01,612 views Starting day: 2016-06-20
[DEBUG] 2016-08-12 18:32:01,612 views Ending day: 2016-06-26
[DEBUG] 2016-08-12 18:32:01,612 views amount: 2
[DEBUG] 2016-08-12 18:33:48,793 views number shifts: 2
[DEBUG] 2016-08-12 18:33:48,830 views Starting day: 2016-06-20
[DEBUG] 2016-08-12 18:33:48,830 views Ending day: 2016-06-26
[DEBUG] 2016-08-12 18:33:48,831 views amount: 2
[DEBUG] 2016-08-12 18:35:45,369 views number shifts: 2
[DEBUG] 2016-08-12 18:35:45,408 views Starting day: 2016-06-20
[DEBUG] 2016-08-12 18:35:45,409 views Ending day: 2016-06-26
[DEBUG] 2016-08-12 18:35:45,409 views amount: 2
[DEBUG] 2016-08-12 18:38:18,569 views number shifts: 2
[DEBUG] 2016-08-12 18:38:18,604 views Starting day: 2016-06-20
[DEBUG] 2016-08-12 18:38:18,604 views Ending day: 2016-06-26
[DEBUG] 2016-08-12 18:38:18,605 views amount: 2
[DEBUG] 2016-08-12 18:42:11,261 views number shifts: 2
[DEBUG] 2016-08-12 18:42:11,298 views Starting day: 2016-06-20
[DEBUG] 2016-08-12 18:42:11,298 views Ending day: 2016-06-26
[DEBUG] 2016-08-12 18:42:11,299 views amount: 2
[DEBUG] 2016-08-12 18:42:51,513 views number shifts: 2
[DEBUG] 2016-08-12 18:42:51,521 views Starting day: 2016-06-20
[DEBUG] 2016-08-12 18:42:51,522 views Ending day: 2016-06-26
[DEBUG] 2016-08-12 18:42:51,522 views amount: 2
[DEBUG] 2016-08-12 19:25:39,580 views number shifts: 2
[DEBUG] 2016-08-12 19:25:39,589 views Starting day: 2016-06-20
[DEBUG] 2016-08-12 19:25:39,590 views Ending day: 2016-06-26
[DEBUG] 2016-08-12 19:25:39,590 views amount: 2
[DEBUG] 2016-08-12 19:26:10,747 views number shifts: 2
[DEBUG] 2016-08-12 19:26:10,783 views Starting day: 2016-06-20
[DEBUG] 2016-08-12 19:26:10,784 views Ending day: 2016-06-26
[DEBUG] 2016-08-12 19:26:10,784 views amount: 2
[DEBUG] 2016-08-12 19:27:38,259 views number shifts: 2
[DEBUG] 2016-08-12 19:27:38,267 views Starting day: 2016-06-20
[DEBUG] 2016-08-12 19:27:38,268 views Ending day: 2016-06-26
[DEBUG] 2016-08-12 19:27:38,268 views amount: 2
[DEBUG] 2016-08-15 10:42:47,976 views number shifts: 2
[DEBUG] 2016-08-15 10:42:47,984 views Starting day: 2016-06-20
[DEBUG] 2016-08-15 10:42:47,984 views Ending day: 2016-06-26
[DEBUG] 2016-08-15 10:42:47,984 views amount: 2
[DEBUG] 2016-08-15 10:43:15,205 views number shifts: 2
[DEBUG] 2016-08-15 10:43:15,213 views Starting day: 2016-06-20
[DEBUG] 2016-08-15 10:43:15,213 views Ending day: 2016-06-26
[DEBUG] 2016-08-15 10:43:15,213 views amount: 2
[DEBUG] 2016-08-15 10:54:48,610 views number shifts: 2
[DEBUG] 2016-08-15 10:54:48,619 views Starting day: 2016-06-20
[DEBUG] 2016-08-15 10:54:48,619 views Ending day: 2016-06-26
[DEBUG] 2016-08-15 10:54:48,619 views amount: 2
[DEBUG] 2016-08-15 11:01:54,824 views number shifts: 2
[DEBUG] 2016-08-15 11:01:54,862 views Starting day: 2016-06-20
[DEBUG] 2016-08-15 11:01:54,862 views Ending day: 2016-06-26
[DEBUG] 2016-08-15 11:01:54,863 views amount: 2
[DEBUG] 2016-08-15 11:02:06,642 views number shifts: 2
[DEBUG] 2016-08-15 11:02:06,651 views Starting day: 2016-06-20
[DEBUG] 2016-08-15 11:02:06,651 views Ending day: 2016-06-26
[DEBUG] 2016-08-15 11:02:06,651 views amount: 2
[DEBUG] 2016-08-15 11:08:53,410 views number shifts: 2
[DEBUG] 2016-08-15 11:08:53,418 views Starting day: 2016-06-20
[DEBUG] 2016-08-15 11:08:53,419 views Ending day: 2016-06-26
[DEBUG] 2016-08-15 11:08:53,419 views amount: 2
[DEBUG] 2016-08-15 11:16:47,405 views number shifts: 2
[DEBUG] 2016-08-15 11:16:47,414 views Starting day: 2016-06-20
[DEBUG] 2016-08-15 11:16:47,415 views Ending day: 2016-06-26
[DEBUG] 2016-08-15 11:16:47,415 views amount: 2
[DEBUG] 2016-08-15 11:17:27,737 views number shifts: 2
[DEBUG] 2016-08-15 11:17:27,746 views Starting day: 2016-06-20
[DEBUG] 2016-08-15 11:17:27,746 views Ending day: 2016-06-26
[DEBUG] 2016-08-15 11:17:27,746 views amount: 2
[DEBUG] 2016-08-15 11:17:49,880 views number shifts: 2
[DEBUG] 2016-08-15 11:17:49,890 views Starting day: 2016-06-20
[DEBUG] 2016-08-15 11:17:49,890 views Ending day: 2016-06-26
[DEBUG] 2016-08-15 11:17:49,891 views amount: 2
[DEBUG] 2016-08-15 11:28:08,973 views number shifts: 2
[DEBUG] 2016-08-15 11:28:08,984 views Starting day: 2016-06-20
[DEBUG] 2016-08-15 11:28:08,984 views Ending day: 2016-06-26
[DEBUG] 2016-08-15 11:28:08,984 views amount: 2
[DEBUG] 2016-08-15 11:28:34,718 views number shifts: 2
[DEBUG] 2016-08-15 11:28:34,726 views Starting day: 2016-06-20
[DEBUG] 2016-08-15 11:28:34,726 views Ending day: 2016-06-26
[DEBUG] 2016-08-15 11:28:34,726 views amount: 2
[DEBUG] 2016-08-15 11:30:28,672 views number shifts: 2
[DEBUG] 2016-08-15 11:30:28,680 views Starting day: 2016-06-20
[DEBUG] 2016-08-15 11:30:28,681 views Ending day: 2016-06-26
[DEBUG] 2016-08-15 11:30:28,681 views amount: 2
[DEBUG] 2016-08-15 11:34:12,864 views number shifts: 2
[DEBUG] 2016-08-15 11:34:12,904 views Starting day: 2016-06-20
[DEBUG] 2016-08-15 11:34:12,905 views Ending day: 2016-06-26
[DEBUG] 2016-08-15 11:34:12,905 views amount: 2
[DEBUG] 2016-08-15 11:54:45,300 views number shifts: 2
[DEBUG] 2016-08-15 11:54:45,307 views Starting day: 2016-06-20
[DEBUG] 2016-08-15 11:54:45,308 views Ending day: 2016-06-26
[DEBUG] 2016-08-15 11:54:45,308 views amount: 2
[DEBUG] 2016-08-15 11:59:02,445 views number shifts: 2
[DEBUG] 2016-08-15 11:59:02,481 views Starting day: 2016-06-20
[DEBUG] 2016-08-15 11:59:02,481 views Ending day: 2016-06-26
[DEBUG] 2016-08-15 11:59:02,482 views amount: 2
[DEBUG] 2016-08-15 12:07:51,578 views number shifts: 2
[DEBUG] 2016-08-15 12:07:51,586 views Starting day: 2016-06-20
[DEBUG] 2016-08-15 12:07:51,586 views Ending day: 2016-06-26
[DEBUG] 2016-08-15 12:07:51,586 views amount: 2
[DEBUG] 2016-08-16 10:24:19,427 views number shifts: 2
[DEBUG] 2016-08-16 10:24:19,436 views Starting day: 2016-06-20
[DEBUG] 2016-08-16 10:24:19,436 views Ending day: 2016-06-26
[DEBUG] 2016-08-16 10:24:19,436 views amount: 2
